2025-08-30 10:03:49,422 - INFO - Starting SEO pipeline at 2025-08-30 10:03:49.422822
2025-08-30 10:03:49,422 - INFO - Using data_date: 2025-08-30
2025-08-30 10:03:49,422 - INFO - Step 1: Processing datasets
2025-08-30 10:03:49,422 - INFO - Step 1.1: Processing GSC data
2025-08-30 10:03:49,425 - INFO - All 1 matching files have already been ingested.
2025-08-30 10:03:49,425 - INFO - Step 1.2: Processing Analytics data
2025-08-30 10:03:49,427 - INFO - All 1 matching files have already been ingested.
2025-08-30 10:03:49,427 - INFO - Step 1.3: Processing Rank data
2025-08-30 10:03:49,428 - INFO - All 1 matching files have already been ingested.
2025-08-30 10:03:49,428 - INFO - Step 2: Running transformations
2025-08-30 10:03:49,429 - INFO - Executing SQL file: sql/transform/transform_gsc_data.sql
2025-08-30 10:03:49,429 - INFO - Using database: seo_assessment.db
2025-08-30 10:03:49,429 - INFO - Using data_date: 2025-08-30
2025-08-30 10:03:49,753 - INFO - SQL execution completed successfully: transform_gsc_data.sql
2025-08-30 10:03:49,757 - INFO - Executing SQL file: sql/transform/transform_analytics_data.sql
2025-08-30 10:03:49,757 - INFO - Using database: seo_assessment.db
2025-08-30 10:03:49,757 - INFO - Using data_date: 2025-08-30
2025-08-30 10:03:51,477 - INFO - SQL execution completed successfully: transform_analytics_data.sql
2025-08-30 10:03:51,479 - INFO - Executing SQL file: sql/transform/transform_rank_data.sql
2025-08-30 10:03:51,479 - INFO - Using database: seo_assessment.db
2025-08-30 10:03:51,479 - INFO - Using data_date: 2025-08-30
2025-08-30 10:03:52,016 - INFO - SQL execution completed successfully: transform_rank_data.sql
2025-08-30 10:03:52,017 - INFO - Step 3: Running joins
2025-08-30 10:03:52,027 - INFO - Executing SQL file: sql/joins/join_gsc_analytics.sql
2025-08-30 10:03:52,027 - INFO - Using database: seo_assessment.db
2025-08-30 10:03:52,027 - INFO - Using data_date: 2025-08-30
2025-08-30 10:03:52,380 - INFO - SQL execution completed successfully: join_gsc_analytics.sql
2025-08-30 10:03:52,415 - INFO - Executing SQL file: sql/joins/join_gsc_rank.sql
2025-08-30 10:03:52,415 - INFO - Using database: seo_assessment.db
2025-08-30 10:03:52,415 - INFO - Using data_date: 2025-08-30
2025-08-30 10:03:52,778 - INFO - SQL execution completed successfully: join_gsc_rank.sql
2025-08-30 10:03:52,778 - INFO - Step 4: Creating fact table
2025-08-30 10:03:52,787 - INFO - Executing SQL file: sql/fact/create_fact_seo_performance.sql
2025-08-30 10:03:52,787 - INFO - Using database: seo_assessment.db
2025-08-30 10:03:52,787 - INFO - Using data_date: 2025-08-30
2025-08-30 10:07:26,968 - INFO - SQL execution completed successfully: create_fact_seo_performance.sql
2025-08-30 10:07:26,968 - INFO - Step 5: Exporting results
2025-08-30 10:07:27,203 - INFO - Exported fact table to exports/fact_seo_performance_20250830_100726.csv
2025-08-30 10:07:27,203 - INFO - Pipeline completed at 2025-08-30 10:07:27.203243 (duration: 217.78 seconds)
